Change Component Designator: Old Designator=C21 New Designator=C23
Change Component Designator: Old Designator=C22 New Designator=C24
Change Component Designator: Old Designator=C23 New Designator=C25
Change Component Designator: Old Designator=C24 New Designator=C26
Change Component Designator: Old Designator=C25 New Designator=C22
Change Component Designator: Old Designator=C25 New Designator=C30
Change Component Designator: Old Designator=C26 New Designator=C21
Change Component Designator: Old Designator=C26 New Designator=C28
Change Component Designator: Old Designator=C26 New Designator=C31
Change Component Designator: Old Designator=C27 New Designator=C32
Change Component Designator: Old Designator=C28 New Designator=C33
Change Component Designator: Old Designator=C29 New Designator=C35
Change Component Designator: Old Designator=C30 New Designator=C36
Change Component Designator: Old Designator=C31 New Designator=C37
Change Component Designator: Old Designator=C32 New Designator=C38
Change Component Designator: Old Designator=C New Designator=C29
Change Component Designator: Old Designator=C New Designator=C34
Change Component Designator: Old Designator=C New Designator=C39
Change Component Designator: Old Designator=C New Designator=C40
Change Component Designator: Old Designator=D4 New Designator=D19
Change Component Designator: Old Designator=D10 New Designator=D11
Change Component Designator: Old Designator=D11 New Designator=D12
Change Component Designator: Old Designator=D12 New Designator=D14
Change Component Designator: Old Designator=D13 New Designator=D15
Change Component Designator: Old Designator=D14 New Designator=D17
Change Component Designator: Old Designator=D15 New Designator=D18
Change Component Designator: Old Designator=D New Designator=D10
Change Component Designator: Old Designator=D New Designator=D13
Change Component Designator: Old Designator=D New Designator=D16
Change Component Designator: Old Designator=D New Designator=D20
Change Component Designator: Old Designator=F New Designator=F1
Change Component Designator: Old Designator=J4 New Designator=J5
Change Component Designator: Old Designator=J New Designator=J4
Change Component Designator: Old Designator=L? New Designator=L1
Change Component Designator: Old Designator=L? New Designator=L2
Change Component Designator: Old Designator=L? New Designator=L3
Change Component Designator: Old Designator=Q2 New Designator=Q3
Change Component Designator: Old Designator=Q3 New Designator=Q4
Change Component Designator: Old Designator=Q4 New Designator=Q5
Change Component Designator: Old Designator=Q5 New Designator=Q6
Change Component Designator: Old Designator=Q6 New Designator=Q7
Change Component Designator: Old Designator=Q7 New Designator=Q8
Change Component Designator: Old Designator=Q7 New Designator=Q15
Change Component Designator: Old Designator=Q8 New Designator=Q9
Change Component Designator: Old Designator=Q9 New Designator=Q10
Change Component Designator: Old Designator=Q10 New Designator=Q11
Change Component Designator: Old Designator=Q11 New Designator=Q12
Change Component Designator: Old Designator=Q12 New Designator=Q13
Change Component Designator: Old Designator=Q13 New Designator=Q14
Change Component Designator: Old Designator=R15 New Designator=R51
Change Component Designator: Old Designator=R16 New Designator=R50
Change Component Designator: Old Designator=R16 New Designator=R54
Change Component Designator: Old Designator=R23 New Designator=R75
Change Component Designator: Old Designator=R24 New Designator=R65
Change Component Designator: Old Designator=R25 New Designator=R70
Change Component Designator: Old Designator=R26 New Designator=R66
Change Component Designator: Old Designator=R42 New Designator=R71
Change Component Designator: Old Designator=R43 New Designator=R74
Change Component Designator: Old Designator=R43 New Designator=R78
Change Component Designator: Old Designator=R44 New Designator=R79
Change Component Designator: Old Designator=R50 New Designator=R52
Change Component Designator: Old Designator=R51 New Designator=R53
Change Component Designator: Old Designator=R52 New Designator=R55
Change Component Designator: Old Designator=R53 New Designator=R56
Change Component Designator: Old Designator=R54 New Designator=R57
Change Component Designator: Old Designator=R55 New Designator=R58
Change Component Designator: Old Designator=R56 New Designator=R59
Change Component Designator: Old Designator=R57 New Designator=R60
Change Component Designator: Old Designator=R58 New Designator=R61
Change Component Designator: Old Designator=R59 New Designator=R62
Change Component Designator: Old Designator=R60 New Designator=R63
Change Component Designator: Old Designator=R61 New Designator=R64
Change Component Designator: Old Designator=R62 New Designator=R67
Change Component Designator: Old Designator=R63 New Designator=R68
Change Component Designator: Old Designator=R64 New Designator=R69
Change Component Designator: Old Designator=R65 New Designator=R72
Change Component Designator: Old Designator=R66 New Designator=R73
Change Component Designator: Old Designator=R67 New Designator=R76
Change Component Designator: Old Designator=R68 New Designator=R77
Change Component Designator: Old Designator=U9 New Designator=U10
Change Component Designator: Old Designator=U10 New Designator=U11
Change Component Designator: Old Designator=U11 New Designator=U18
Change Component Designator: Old Designator=U12 New Designator=U13
Change Component Designator: Old Designator=U13 New Designator=U14
Change Component Designator: Old Designator=U14 New Designator=U15
Change Component Designator: Old Designator=U15 New Designator=U17
Change Component Designator: Old Designator=U16 New Designator=U19
Change Component Designator: Old Designator=U17 New Designator=U20
Change Component Designator: Old Designator=U New Designator=U9
Change Component Designator: Old Designator=U New Designator=U12
Change Component Designator: Old Designator=U? New Designator=U16
