Change Component Designator: Old Designator=C16 New Designator=C18
Change Component Designator: Old Designator=C New Designator=C16
Change Component Designator: Old Designator=C New Designator=C17
Change Component Designator: Old Designator=C New Designator=C19
Change Component Designator: Old Designator=C New Designator=C20
Change Component Designator: Old Designator=C New Designator=C21
Change Component Designator: Old Designator=C New Designator=C22
Change Component Designator: Old Designator=C New Designator=C23
Change Component Designator: Old Designator=C New Designator=C24
Change Component Designator: Old Designator=C New Designator=C25
Change Component Designator: Old Designator=C New Designator=C26
Change Component Designator: Old Designator=C New Designator=C27
Change Component Designator: Old Designator=C New Designator=C28
Change Component Designator: Old Designator=D New Designator=D6
Change Component Designator: Old Designator=D New Designator=D7
Change Component Designator: Old Designator=D New Designator=D8
Change Component Designator: Old Designator=D New Designator=D9
Change Component Designator: Old Designator=D New Designator=D10
Change Component Designator: Old Designator=D New Designator=D11
Change Component Designator: Old Designator=Q New Designator=Q1
Change Component Designator: Old Designator=Q New Designator=Q2
Change Component Designator: Old Designator=Q New Designator=Q3
Change Component Designator: Old Designator=Q New Designator=Q4
Change Component Designator: Old Designator=Q New Designator=Q5
Change Component Designator: Old Designator=Q New Designator=Q6
Change Component Designator: Old Designator=Q New Designator=Q7
Change Component Designator: Old Designator=Q New Designator=Q8
Change Component Designator: Old Designator=Q New Designator=Q9
Change Component Designator: Old Designator=Q New Designator=Q10
Change Component Designator: Old Designator=Q New Designator=Q11
Change Component Designator: Old Designator=Q New Designator=Q12
Change Component Designator: Old Designator=R13 New Designator=R19
Change Component Designator: Old Designator=R14 New Designator=R20
Change Component Designator: Old Designator=R15 New Designator=R21
Change Component Designator: Old Designator=R16 New Designator=R13
Change Component Designator: Old Designator=R17 New Designator=R14
Change Component Designator: Old Designator=R18 New Designator=R22
Change Component Designator: Old Designator=R19 New Designator=R23
Change Component Designator: Old Designator=R20 New Designator=R16
Change Component Designator: Old Designator=R21 New Designator=R15
Change Component Designator: Old Designator=R21 New Designator=R18
Change Component Designator: Old Designator=R21 New Designator=R25
Change Component Designator: Old Designator=R22 New Designator=R17
Change Component Designator: Old Designator=R22 New Designator=R24
Change Component Designator: Old Designator=R22 New Designator=R27
Change Component Designator: Old Designator=R22 New Designator=R29
Change Component Designator: Old Designator=R23 New Designator=R26
Change Component Designator: Old Designator=R23 New Designator=R28
Change Component Designator: Old Designator=R23 New Designator=R31
Change Component Designator: Old Designator=R24 New Designator=R30
Change Component Designator: Old Designator=U3 New Designator=U4
Change Component Designator: Old Designator=U4 New Designator=U5
Change Component Designator: Old Designator=U5 New Designator=U10
Change Component Designator: Old Designator=U6 New Designator=U11
Change Component Designator: Old Designator=U New Designator=U3
Change Component Designator: Old Designator=U New Designator=U6
Change Component Designator: Old Designator=U? New Designator=U8
Change Component Designator: Old Designator=U? New Designator=U9
Change Component Designator: Old Designator=U? New Designator=U12
Change Component Designator: Old Designator=U? New Designator=U13
Change Component Designator: Old Designator=U? New Designator=U14
Change Component Designator: Old Designator=U? New Designator=U15
