Change Component Designator: Old Designator=C6 New Designator=C16
Change Component Designator: Old Designator=C7 New Designator=C14
Change Component Designator: Old Designator=C7 New Designator=C15
Change Component Designator: Old Designator=C8 New Designator=C12
Change Component Designator: Old Designator=C12 New Designator=C13
Change Component Designator: Old Designator=C13 New Designator=C17
Change Component Designator: Old Designator=C14 New Designator=C18
Change Component Designator: Old Designator=C15 New Designator=C19
Change Component Designator: Old Designator=C16 New Designator=C21
Change Component Designator: Old Designator=C17 New Designator=C22
Change Component Designator: Old Designator=C18 New Designator=C20
Change Component Designator: Old Designator=C19 New Designator=C23
Change Component Designator: Old Designator=C20 New Designator=C24
Change Component Designator: Old Designator=C21 New Designator=C25
Change Component Designator: Old Designator=C22 New Designator=C26
Change Component Designator: Old Designator=C23 New Designator=C27
Change Component Designator: Old Designator=C24 New Designator=C28
Change Component Designator: Old Designator=C25 New Designator=C29
Change Component Designator: Old Designator=C26 New Designator=C30
Change Component Designator: Old Designator=C27 New Designator=C31
Change Component Designator: Old Designator=C28 New Designator=C32
Change Component Designator: Old Designator=K3 New Designator=K4
Change Component Designator: Old Designator=K4 New Designator=K5
Change Component Designator: Old Designator=R1 New Designator=R4
Change Component Designator: Old Designator=R2 New Designator=R5
Change Component Designator: Old Designator=R3 New Designator=R6
Change Component Designator: Old Designator=R4 New Designator=R7
Change Component Designator: Old Designator=R5 New Designator=R8
Change Component Designator: Old Designator=R6 New Designator=R12
Change Component Designator: Old Designator=R7 New Designator=R13
Change Component Designator: Old Designator=R8 New Designator=R14
Change Component Designator: Old Designator=R9 New Designator=R15
Change Component Designator: Old Designator=R9 New Designator=R23
Change Component Designator: Old Designator=R10 New Designator=R2
Change Component Designator: Old Designator=R10 New Designator=R16
Change Component Designator: Old Designator=R11 New Designator=R1
Change Component Designator: Old Designator=R11 New Designator=R3
Change Component Designator: Old Designator=R11 New Designator=R10
Change Component Designator: Old Designator=R11 New Designator=R17
Change Component Designator: Old Designator=R12 New Designator=R9
Change Component Designator: Old Designator=R12 New Designator=R11
Change Component Designator: Old Designator=R12 New Designator=R18
Change Component Designator: Old Designator=R12 New Designator=R22
Change Component Designator: Old Designator=R13 New Designator=R19
Change Component Designator: Old Designator=R13 New Designator=R36
Change Component Designator: Old Designator=R14 New Designator=R20
Change Component Designator: Old Designator=R14 New Designator=R37
Change Component Designator: Old Designator=R15 New Designator=R21
Change Component Designator: Old Designator=R15 New Designator=R44
Change Component Designator: Old Designator=R16 New Designator=R30
Change Component Designator: Old Designator=R16 New Designator=R45
Change Component Designator: Old Designator=R17 New Designator=R24
Change Component Designator: Old Designator=R17 New Designator=R31
Change Component Designator: Old Designator=R17 New Designator=R32
Change Component Designator: Old Designator=R17 New Designator=R34
Change Component Designator: Old Designator=R17 New Designator=R38
Change Component Designator: Old Designator=R17 New Designator=R46
Change Component Designator: Old Designator=R18 New Designator=R25
Change Component Designator: Old Designator=R18 New Designator=R26
Change Component Designator: Old Designator=R18 New Designator=R28
Change Component Designator: Old Designator=R18 New Designator=R33
Change Component Designator: Old Designator=R18 New Designator=R35
Change Component Designator: Old Designator=R18 New Designator=R39
Change Component Designator: Old Designator=R18 New Designator=R40
Change Component Designator: Old Designator=R18 New Designator=R42
Change Component Designator: Old Designator=R18 New Designator=R47
Change Component Designator: Old Designator=R19 New Designator=R27
Change Component Designator: Old Designator=R19 New Designator=R29
Change Component Designator: Old Designator=R19 New Designator=R41
Change Component Designator: Old Designator=R19 New Designator=R43
Change Component Designator: Old Designator=R19 New Designator=R48
Change Component Designator: Old Designator=R20 New Designator=R49
Change Component Designator: Old Designator=R21 New Designator=R50
Change Component Designator: Old Designator=R22 New Designator=R51
Change Component Designator: Old Designator=R23 New Designator=R52
Change Component Designator: Old Designator=R24 New Designator=R53
Change Component Designator: Old Designator=R25 New Designator=R54
Change Component Designator: Old Designator=R26 New Designator=R55
Change Component Designator: Old Designator=R27 New Designator=R56
Change Component Designator: Old Designator=R28 New Designator=R57
Change Component Designator: Old Designator=R29 New Designator=R58
Change Component Designator: Old Designator=R30 New Designator=R59
Change Component Designator: Old Designator=R31 New Designator=R60
Change Component Designator: Old Designator=SW? New Designator=SW1
Change Component Designator: Old Designator=SW? New Designator=SW2
Change Component Designator: Old Designator=U7 New Designator=U8
Change Component Designator: Old Designator=U7 New Designator=U9
Change Component Designator: Old Designator=U8 New Designator=U10
Change Component Designator: Old Designator=U9 New Designator=U11
Change Component Designator: Old Designator=U10 New Designator=U12
Change Component Designator: Old Designator=U11 New Designator=U13
Change Component Designator: Old Designator=U12 New Designator=U14
Change Component Designator: Old Designator=U13 New Designator=U15
Change Component Designator: Old Designator=U14 New Designator=U16
Change Component Designator: Old Designator=U15 New Designator=U17
Change Component Designator: Old Designator=Y1 New Designator=Y3
Change Component Designator: Old Designator=Y? New Designator=Y1
Change Component Designator: Old Designator=Y? New Designator=Y2
