Change Component Designator: OldDesignator=C29 NewDesignator=C30
Change Component Designator: OldDesignator=C30 NewDesignator=C31
Change Component Designator: OldDesignator=C31 NewDesignator=C32
Change Component Designator: OldDesignator=C32 NewDesignator=C33
Change Component Designator: OldDesignator=C33 NewDesignator=C34
Change Component Designator: OldDesignator=C34 NewDesignator=C36
Change Component Designator: OldDesignator=C35 NewDesignator=C38
Change Component Designator: OldDesignator=C36 NewDesignator=C39
Change Component Designator: OldDesignator=C37 NewDesignator=C40
Change Component Designator: OldDesignator=C38 NewDesignator=C41
Change Component Designator: OldDesignator=C39 NewDesignator=C42
Change Component Designator: OldDesignator=C40 NewDesignator=C43
Change Component Designator: OldDesignator=R63 NewDesignator=R67
Change Component Designator: OldDesignator=R64 NewDesignator=R68
Change Component Designator: OldDesignator=R65 NewDesignator=R69
Change Component Designator: OldDesignator=R66 NewDesignator=R70
Change Component Designator: OldDesignator=R67 NewDesignator=R71
Change Component Designator: OldDesignator=R68 NewDesignator=R72
Change Component Designator: OldDesignator=R69 NewDesignator=R73
Change Component Designator: OldDesignator=R70 NewDesignator=R74
Change Component Designator: OldDesignator=R71 NewDesignator=R75
Change Component Designator: OldDesignator=R72 NewDesignator=R76
Change Component Designator: OldDesignator=R73 NewDesignator=R77
Change Component Designator: OldDesignator=R74 NewDesignator=R78
Change Component Designator: OldDesignator=R75 NewDesignator=R79
Change Component Designator: OldDesignator=R76 NewDesignator=R80
Change Component Designator: OldDesignator=R77 NewDesignator=R81
Change Component Designator: OldDesignator=R78 NewDesignator=R82
Change Component Designator: OldDesignator=R79 NewDesignator=R83
Change Component Designator: OldDesignator=U17 NewDesignator=U18
Change Component Designator: OldDesignator=U18 NewDesignator=U19
Change Component Designator: OldDesignator=U19 NewDesignator=U20
Change Component Designator: OldDesignator=U20 NewDesignator=U21
Added Component: Designator=C29(CAP_0603)
Added Component: Designator=C35(CAP_0603)
Added Component: Designator=C37(CAP_0603)
Added Component: Designator=R63(RES_0603)
Added Component: Designator=R64(RES_0603)
Added Component: Designator=R65(RES_0603)
Added Component: Designator=R66(RES_0603)
Added Component: Designator=U17(SOIC-8_150MIL)
Added Pin To Net: NetName=GND Pin=C29-1
Added Pin To Net: NetName=VCC_3.3V Pin=C29-2
Added Pin To Net: NetName=VCC_3.3V Pin=C35-1
Added Pin To Net: NetName=GND Pin=C35-2
Added Pin To Net: NetName=VCC_3.3V Pin=C37-1
Added Pin To Net: NetName=GND Pin=C37-2
Added Pin To Net: NetName=PC11_SCL Pin=R63-1
Added Pin To Net: NetName=VCC_3.3V Pin=R63-2
Added Pin To Net: NetName=PC12_SDA Pin=R64-1
Added Pin To Net: NetName=VCC_3.3V Pin=R64-2
Added Pin To Net: NetName=VCC_3.3V Pin=R65-2
Added Pin To Net: NetName=VCC_3.3V Pin=R66-1
Added Pin To Net: NetName=PC12_SDA Pin=U17-1
Added Pin To Net: NetName=PC11_SCL Pin=U17-2
Added Pin To Net: NetName=GND Pin=U17-4
Added Pin To Net: NetName=GND Pin=U17-5
Added Pin To Net: NetName=GND Pin=U17-6
Added Pin To Net: NetName=VCC_3.3V Pin=U17-8
Change Net Name : Old Net Name=NetC29_1 New Net Name=NetC30_1
Change Net Name : Old Net Name=NetC30_1 New Net Name=NetC31_1
Change Net Name : Old Net Name=NetC31_1 New Net Name=NetC32_1
Change Net Name : Old Net Name=NetC31_2 New Net Name=NetC32_2
Change Net Name : Old Net Name=NetC35_1 New Net Name=NetC38_1
Change Net Name : Old Net Name=NetC36_1 New Net Name=NetC39_1
Change Net Name : Old Net Name=NetC36_2 New Net Name=NetC39_2
Change Net Name : Old Net Name=NetC39_1 New Net Name=NetC42_1
Change Net Name : Old Net Name=NetR63_2 New Net Name=NetR67_2
Change Net Name : Old Net Name=NetR64_1 New Net Name=NetR68_1
Change Net Name : Old Net Name=NetR65_1 New Net Name=NetR69_1
Change Net Name : Old Net Name=NetR69_1 New Net Name=NetR73_1
Change Net Name : Old Net Name=NetR71_1 New Net Name=NetR75_1
Change Net Name : Old Net Name=NetR72_2 New Net Name=NetR76_2
Change Net Name : Old Net Name=NetR73_1 New Net Name=NetR77_1
Change Net Name : Old Net Name=NetR76_2 New Net Name=NetR80_2
Change Net Name : Old Net Name=NetR77_1 New Net Name=NetR81_1
Change Net Name : Old Net Name=NetR78_1 New Net Name=NetR82_1
Added Pin To Net: NetName=NetR65_1 Pin=R65-1
Added Pin To Net: NetName=NetR65_1 Pin=U17-3
Added Net: Name=NetR65_1
Added Pin To Net: NetName=NetR66_2 Pin=R66-2
Added Pin To Net: NetName=NetR66_2 Pin=U17-7
Added Net: Name=NetR66_2
Added Member To Class: ClassName=ZhangXue Member=Component C41 10uF/16V
Added Member To Class: ClassName=ZhangXue Member=Component C42 470pF
Added Member To Class: ClassName=ZhangXue Member=Component C43 470uF/25V
Added Member To Class: ClassName=ZhangXue Member=Component R80 20
Added Member To Class: ClassName=ZhangXue Member=Component R81 20
Added Member To Class: ClassName=ZhangXue Member=Component R82 13k
Added Member To Class: ClassName=ZhangXue Member=Component R83 1.1k
Added Member To Class: ClassName=ZhangXue Member=Component U21 IR2104STRPBF
